2023-01-18T09:07:53+00:00 DEBUG tt4b_product_sync: missing access token for tt4b_product_sync
2023-01-18T09:29:32+00:00 DEBUG tt4b_product_sync: missing access token for tt4b_product_sync
2023-01-18T09:31:30+00:00 DEBUG tt4b_product_sync: missing access token for tt4b_product_sync
2023-01-18T09:46:11+00:00 DEBUG tt4b_product_sync: missing access token for tt4b_product_sync
2023-01-18T09:46:51+00:00 DEBUG tt4b_product_sync: missing access token for tt4b_product_sync
2023-01-18T09:47:19+00:00 DEBUG tt4b_product_sync: missing access token for tt4b_product_sync
2023-01-18T09:48:46+00:00 DEBUG tt4b_product_sync: missing access token for tt4b_product_sync
2023-01-18T09:49:50+00:00 DEBUG tt4b_product_sync: missing access token for tt4b_product_sync
2023-01-18T11:32:25+00:00 DEBUG tt4b_product_sync: missing access token for tt4b_product_sync
2023-01-18T11:32:54+00:00 DEBUG tt4b_product_sync: missing access token for tt4b_product_sync
2023-01-18T11:33:18+00:00 DEBUG tt4b_product_sync: missing access token for tt4b_product_sync
2023-01-18T11:33:53+00:00 DEBUG tt4b_product_sync: missing access token for tt4b_product_sync
2023-01-18T11:34:20+00:00 DEBUG tt4b_product_sync: missing access token for tt4b_product_sync
2023-01-18T11:34:45+00:00 DEBUG tt4b_product_sync: missing access token for tt4b_product_sync
2023-01-18T11:35:37+00:00 DEBUG tt4b_product_sync: missing access token for tt4b_product_sync
2023-01-18T13:42:59+00:00 DEBUG Tt4b_Pixel_Class::inject_add_to_cart_event: hit injectAddToCartEvent
2023-01-18T13:42:59+00:00 DEBUG Tt4b_Pixel_Class::inject_add_to_cart_event: Missing option "access_token"
2023-01-18T13:43:21+00:00 DEBUG Tt4b_Pixel_Class::inject_add_to_cart_event: hit injectAddToCartEvent
2023-01-18T13:43:21+00:00 DEBUG Tt4b_Pixel_Class::inject_add_to_cart_event: Missing option "access_token"
2023-01-18T13:43:28+00:00 DEBUG Tt4b_Pixel_Class::inject_start_checkout: hit injectStartCheckout
2023-01-18T13:43:28+00:00 DEBUG Tt4b_Pixel_Class::inject_start_checkout: Missing option "access_token"
2023-01-18T13:46:10+00:00 DEBUG Tt4b_Pixel_Class::inject_start_checkout: hit injectStartCheckout
2023-01-18T13:46:10+00:00 DEBUG Tt4b_Pixel_Class::inject_start_checkout: Missing option "access_token"
2023-01-18T13:46:14+00:00 DEBUG Tt4b_Pixel_Class::inject_start_checkout: hit injectStartCheckout
2023-01-18T13:46:14+00:00 DEBUG Tt4b_Pixel_Class::inject_start_checkout: Missing option "access_token"
2023-01-18T13:49:30+00:00 DEBUG Tt4b_Pixel_Class::inject_add_to_cart_event: hit injectAddToCartEvent
2023-01-18T13:49:30+00:00 DEBUG Tt4b_Pixel_Class::inject_add_to_cart_event: Missing option "access_token"
2023-01-18T13:49:41+00:00 DEBUG Tt4b_Pixel_Class::inject_add_to_cart_event: hit injectAddToCartEvent
2023-01-18T13:49:41+00:00 DEBUG Tt4b_Pixel_Class::inject_add_to_cart_event: Missing option "access_token"
2023-01-18T13:49:49+00:00 DEBUG Tt4b_Pixel_Class::inject_start_checkout: hit injectStartCheckout
2023-01-18T13:49:49+00:00 DEBUG Tt4b_Pixel_Class::inject_start_checkout: Missing option "access_token"
2023-01-18T13:52:18+00:00 DEBUG Tt4b_Pixel_Class::inject_add_to_cart_event: hit injectAddToCartEvent
2023-01-18T13:52:18+00:00 DEBUG Tt4b_Pixel_Class::inject_add_to_cart_event: Missing option "access_token"
2023-01-18T13:52:39+00:00 DEBUG Tt4b_Pixel_Class::inject_add_to_cart_event: hit injectAddToCartEvent
2023-01-18T13:52:39+00:00 DEBUG Tt4b_Pixel_Class::inject_add_to_cart_event: Missing option "access_token"
2023-01-18T13:52:49+00:00 DEBUG Tt4b_Pixel_Class::inject_start_checkout: hit injectStartCheckout
2023-01-18T13:52:49+00:00 DEBUG Tt4b_Pixel_Class::inject_start_checkout: Missing option "access_token"
2023-01-18T13:53:42+00:00 DEBUG Tt4b_Pixel_Class::inject_start_checkout: hit injectStartCheckout
2023-01-18T13:53:42+00:00 DEBUG Tt4b_Pixel_Class::inject_start_checkout: Missing option "access_token"
2023-01-18T14:00:04+00:00 DEBUG Tt4b_Pixel_Class::inject_start_checkout: hit injectStartCheckout
2023-01-18T14:00:04+00:00 DEBUG Tt4b_Pixel_Class::inject_start_checkout: Missing option "access_token"
2023-01-18T18:13:58+00:00 DEBUG tt4b_product_sync: missing access token for tt4b_product_sync
2023-01-18T18:16:25+00:00 DEBUG tt4b_product_sync: missing access token for tt4b_product_sync
2023-01-18T18:29:50+00:00 DEBUG Tt4b_Pixel_Class::inject_add_to_cart_event: hit injectAddToCartEvent
2023-01-18T18:29:50+00:00 DEBUG Tt4b_Pixel_Class::inject_add_to_cart_event: Missing option "access_token"
2023-01-18T18:30:04+00:00 DEBUG Tt4b_Pixel_Class::inject_start_checkout: hit injectStartCheckout
2023-01-18T18:30:04+00:00 DEBUG Tt4b_Pixel_Class::inject_start_checkout: Missing option "access_token"
2023-01-18T18:45:50+00:00 DEBUG Tt4b_Pixel_Class::inject_view_content_event: hit injectViewContentEvent
2023-01-18T18:45:50+00:00 DEBUG Tt4b_Pixel_Class::inject_view_content_event: Missing option "access_token"
2023-01-18T18:46:01+00:00 DEBUG Tt4b_Pixel_Class::inject_add_to_cart_event: hit injectAddToCartEvent
2023-01-18T18:46:01+00:00 DEBUG Tt4b_Pixel_Class::inject_add_to_cart_event: Missing option "access_token"
2023-01-18T18:46:15+00:00 DEBUG Tt4b_Pixel_Class::inject_add_to_cart_event: hit injectAddToCartEvent
2023-01-18T18:46:15+00:00 DEBUG Tt4b_Pixel_Class::inject_add_to_cart_event: Missing option "access_token"
2023-01-18T18:46:24+00:00 DEBUG Tt4b_Pixel_Class::inject_view_content_event: hit injectViewContentEvent
2023-01-18T18:46:24+00:00 DEBUG Tt4b_Pixel_Class::inject_view_content_event: Missing option "access_token"
2023-01-18T18:46:48+00:00 DEBUG Tt4b_Pixel_Class::inject_view_content_event: hit injectViewContentEvent
2023-01-18T18:46:48+00:00 DEBUG Tt4b_Pixel_Class::inject_view_content_event: Missing option "access_token"
2023-01-18T18:47:53+00:00 DEBUG Tt4b_Pixel_Class::inject_view_content_event: hit injectViewContentEvent
2023-01-18T18:47:53+00:00 DEBUG Tt4b_Pixel_Class::inject_view_content_event: Missing option "access_token"
2023-01-18T18:49:25+00:00 DEBUG Tt4b_Pixel_Class::inject_view_content_event: hit injectViewContentEvent
2023-01-18T18:49:25+00:00 DEBUG Tt4b_Pixel_Class::inject_view_content_event: Missing option "access_token"
2023-01-18T18:50:22+00:00 DEBUG tt4b_product_sync: missing access token for tt4b_product_sync
2023-01-18T18:50:22+00:00 DEBUG tt4b_product_delete: missing access token for tt4b_product_sync
2023-01-18T18:53:55+00:00 DEBUG Tt4b_Pixel_Class::inject_view_content_event: hit injectViewContentEvent
2023-01-18T18:53:55+00:00 DEBUG Tt4b_Pixel_Class::inject_view_content_event: Missing option "access_token"
2023-01-18T19:01:57+00:00 DEBUG Tt4b_Pixel_Class::inject_view_content_event: hit injectViewContentEvent
2023-01-18T19:01:57+00:00 DEBUG Tt4b_Pixel_Class::inject_view_content_event: Missing option "access_token"
2023-01-18T19:10:54+00:00 DEBUG Tt4b_Pixel_Class::inject_view_content_event: hit injectViewContentEvent
2023-01-18T19:10:54+00:00 DEBUG Tt4b_Pixel_Class::inject_view_content_event: Missing option "access_token"
2023-01-18T19:12:05+00:00 DEBUG Tt4b_Pixel_Class::inject_view_content_event: hit injectViewContentEvent
2023-01-18T19:12:05+00:00 DEBUG Tt4b_Pixel_Class::inject_view_content_event: Missing option "access_token"
2023-01-18T19:16:35+00:00 DEBUG Tt4b_Pixel_Class::inject_view_content_event: hit injectViewContentEvent
2023-01-18T19:16:35+00:00 DEBUG Tt4b_Pixel_Class::inject_view_content_event: Missing option "access_token"
2023-01-18T19:18:24+00:00 DEBUG Tt4b_Pixel_Class::inject_view_content_event: hit injectViewContentEvent
2023-01-18T19:18:24+00:00 DEBUG Tt4b_Pixel_Class::inject_view_content_event: Missing option "access_token"
2023-01-18T19:18:31+00:00 DEBUG Tt4b_Pixel_Class::inject_view_content_event: hit injectViewContentEvent
2023-01-18T19:18:31+00:00 DEBUG Tt4b_Pixel_Class::inject_view_content_event: Missing option "access_token"
2023-01-18T19:19:02+00:00 DEBUG Tt4b_Pixel_Class::inject_view_content_event: hit injectViewContentEvent
2023-01-18T19:19:02+00:00 DEBUG Tt4b_Pixel_Class::inject_view_content_event: Missing option "access_token"
2023-01-18T19:19:27+00:00 DEBUG Tt4b_Pixel_Class::inject_view_content_event: hit injectViewContentEvent
2023-01-18T19:19:27+00:00 DEBUG Tt4b_Pixel_Class::inject_view_content_event: Missing option "access_token"
2023-01-18T19:20:07+00:00 DEBUG Tt4b_Pixel_Class::inject_view_content_event: hit injectViewContentEvent
2023-01-18T19:20:07+00:00 DEBUG Tt4b_Pixel_Class::inject_view_content_event: Missing option "access_token"
2023-01-18T19:20:29+00:00 DEBUG Tt4b_Pixel_Class::inject_view_content_event: hit injectViewContentEvent
2023-01-18T19:20:29+00:00 DEBUG Tt4b_Pixel_Class::inject_view_content_event: Missing option "access_token"
2023-01-18T19:21:00+00:00 DEBUG Tt4b_Pixel_Class::inject_view_content_event: hit injectViewContentEvent
2023-01-18T19:21:00+00:00 DEBUG Tt4b_Pixel_Class::inject_view_content_event: Missing option "access_token"
2023-01-18T19:21:04+00:00 DEBUG Tt4b_Pixel_Class::inject_view_content_event: hit injectViewContentEvent
2023-01-18T19:21:04+00:00 DEBUG Tt4b_Pixel_Class::inject_view_content_event: Missing option "access_token"
2023-01-18T19:21:56+00:00 DEBUG Tt4b_Pixel_Class::inject_view_content_event: hit injectViewContentEvent
2023-01-18T19:21:56+00:00 DEBUG Tt4b_Pixel_Class::inject_view_content_event: Missing option "access_token"
2023-01-18T19:22:02+00:00 DEBUG Tt4b_Pixel_Class::inject_view_content_event: hit injectViewContentEvent
2023-01-18T19:22:02+00:00 DEBUG Tt4b_Pixel_Class::inject_view_content_event: Missing option "access_token"
2023-01-18T19:35:27+00:00 DEBUG Tt4b_Pixel_Class::inject_view_content_event: hit injectViewContentEvent
2023-01-18T19:35:27+00:00 DEBUG Tt4b_Pixel_Class::inject_view_content_event: Missing option "access_token"
2023-01-18T19:55:55+00:00 DEBUG tt4b_product_sync: missing access token for tt4b_product_sync
2023-01-18T19:56:01+00:00 DEBUG tt4b_product_sync: missing access token for tt4b_product_sync
2023-01-18T19:56:12+00:00 DEBUG tt4b_product_sync: missing access token for tt4b_product_sync
2023-01-18T19:56:21+00:00 DEBUG tt4b_product_sync: missing access token for tt4b_product_sync
2023-01-18T19:56:38+00:00 DEBUG tt4b_product_sync: missing access token for tt4b_product_sync
2023-01-18T19:56:52+00:00 DEBUG tt4b_product_sync: missing access token for tt4b_product_sync
2023-01-18T19:57:05+00:00 DEBUG tt4b_product_sync: missing access token for tt4b_product_sync
2023-01-18T19:57:14+00:00 DEBUG tt4b_product_sync: missing access token for tt4b_product_sync
