2023-01-19T07:27:25+00:00 DEBUG Tt4b_Pixel_Class::inject_view_content_event: hit injectViewContentEvent
2023-01-19T07:27:25+00:00 DEBUG Tt4b_Pixel_Class::inject_view_content_event: Missing option "access_token"
2023-01-19T07:27:55+00:00 DEBUG Tt4b_Pixel_Class::inject_add_to_cart_event: hit injectAddToCartEvent
2023-01-19T07:27:55+00:00 DEBUG Tt4b_Pixel_Class::inject_add_to_cart_event: Missing option "access_token"
2023-01-19T07:28:15+00:00 DEBUG Tt4b_Pixel_Class::inject_view_content_event: hit injectViewContentEvent
2023-01-19T07:28:15+00:00 DEBUG Tt4b_Pixel_Class::inject_view_content_event: Missing option "access_token"
2023-01-19T07:28:29+00:00 DEBUG Tt4b_Pixel_Class::inject_view_content_event: hit injectViewContentEvent
2023-01-19T07:28:29+00:00 DEBUG Tt4b_Pixel_Class::inject_view_content_event: Missing option "access_token"
2023-01-19T07:30:16+00:00 DEBUG Tt4b_Pixel_Class::inject_start_checkout: hit injectStartCheckout
2023-01-19T07:30:16+00:00 DEBUG Tt4b_Pixel_Class::inject_start_checkout: Missing option "access_token"
2023-01-19T07:36:36+00:00 DEBUG Tt4b_Pixel_Class::inject_view_content_event: hit injectViewContentEvent
2023-01-19T07:36:36+00:00 DEBUG Tt4b_Pixel_Class::inject_view_content_event: Missing option "access_token"
2023-01-19T07:37:29+00:00 DEBUG Tt4b_Pixel_Class::inject_view_content_event: hit injectViewContentEvent
2023-01-19T07:37:29+00:00 DEBUG Tt4b_Pixel_Class::inject_view_content_event: Missing option "access_token"
2023-01-19T07:38:16+00:00 DEBUG Tt4b_Pixel_Class::inject_add_to_cart_event: hit injectAddToCartEvent
2023-01-19T07:38:16+00:00 DEBUG Tt4b_Pixel_Class::inject_add_to_cart_event: Missing option "access_token"
2023-01-19T07:38:35+00:00 DEBUG Tt4b_Pixel_Class::inject_start_checkout: hit injectStartCheckout
2023-01-19T07:38:35+00:00 DEBUG Tt4b_Pixel_Class::inject_start_checkout: Missing option "access_token"
2023-01-19T07:38:40+00:00 DEBUG Tt4b_Pixel_Class::inject_start_checkout: hit injectStartCheckout
2023-01-19T07:38:40+00:00 DEBUG Tt4b_Pixel_Class::inject_start_checkout: Missing option "access_token"
